<?xml version="1.0" encoding="UTF-8"?>
<!-- Generated by org.testng.reporters.JUnitReportReporter -->
<testsuite hostname="DESKTOP-OT8OU31" name="com.crm.qa.testcase.LoginPageTest" tests="3" failures="0" timestamp="15 May 2018 04:54:24 GMT" time="52.090" errors="0">
  <testcase name="loginPageTitleTest" time="10.847" classname="com.crm.qa.testcase.LoginPageTest"/>
  <testcase name="crmLogoImageTest" time="10.010" classname="com.crm.qa.testcase.LoginPageTest"/>
  <testcase name="loginTest" time="31.233" classname="com.crm.qa.testcase.LoginPageTest"/>
</testsuite> <!-- com.crm.qa.testcase.LoginPageTest -->
